<<<<<<< HEAD
----------------------------------------------------------------
Sat Sep 19 17:36:56 CEST 2020D001 : [0] The Apache Software Foundation - Apache Derby - 10.15.2.0 - (1873585), [1] a816c00e-0174-a702-dad4-00000e54e718, [2] D:\GitHub\JavaFX-Netbeans\Library Assistant\Database, [3] jdk.internal.loader.ClassLoaders$AppClassLoader@edf4efb, [4] file:/D:/GitHub/JavaFX-Netbeans/Library%20Assistant/dist/run1489006703/lib/derby.jar
java.vendor=Oracle Corporation
java.runtime.version=10.0.2+13
user.dir=D:\GitHub\JavaFX-Netbeans\Library Assistant
=======
Sun May 10 16:41:00 CEST 2020 Thread[JavaFX Application Thread,5,main] Ignored duplicate property derby.module.validation in jar:file:/C:/javafx-11.0.2/lib/derby.jar!/org/apache/derby/modules.properties
Sun May 10 16:41:00 CEST 2020 Thread[JavaFX Application Thread,5,main] Ignored duplicate property derby.module.database.slave in jar:file:/C:/javafx-11.0.2/lib/derby.jar!/org/apache/derby/modules.properties
Sun May 10 16:41:00 CEST 2020 Thread[JavaFX Application Thread,5,main] Ignored duplicate property derby.module.classManagerJ2 in jar:file:/C:/javafx-11.0.2/lib/derby.jar!/org/apache/derby/modules.properties
Sun May 10 16:41:00 CEST 2020 Thread[JavaFX Application Thread,5,main] Ignored duplicate property derby.module.netServer.autoStart in jar:file:/C:/javafx-11.0.2/lib/derby.jar!/org/apache/derby/modules.properties
Sun May 10 16:41:00 CEST 2020 Thread[JavaFX Application Thread,5,main] Ignored duplicate property derby.module.access.btree in jar:file:/C:/javafx-11.0.2/lib/derby.jar!/org/apache/derby/modules.properties
Sun May 10 16:41:00 CEST 2020 Thread[JavaFX Application Thread,5,main] Ignored duplicate property derby.module.nativeAuthentication in jar:file:/C:/javafx-11.0.2/lib/derby.jar!/org/apache/derby/modules.properties
Sun May 10 16:41:00 CEST 2020 Thread[JavaFX Application Thread,5,main] Ignored duplicate property derby.module.access.uniquewithduplicatenullssort in jar:file:/C:/javafx-11.0.2/lib/derby.jar!/org/apache/derby/modules.properties
Sun May 10 16:41:00 CEST 2020 Thread[JavaFX Application Thread,5,main] Ignored duplicate property derby.env.classes.jdbcJ8 in jar:file:/C:/javafx-11.0.2/lib/derby.jar!/org/apache/derby/modules.properties
Sun May 10 16:41:00 CEST 2020 Thread[JavaFX Application Thread,5,main] Ignored duplicate property derby.module.daemon in jar:file:/C:/javafx-11.0.2/lib/derby.jar!/org/apache/derby/modules.properties
Sun May 10 16:41:00 CEST 2020 Thread[JavaFX Application Thread,5,main] Ignored duplicate property derby.module.lf in jar:file:/C:/javafx-11.0.2/lib/derby.jar!/org/apache/derby/modules.properties
Sun May 10 16:41:00 CEST 2020 Thread[JavaFX Application Thread,5,main] Ignored duplicate property derby.module.uuidJ1 in jar:file:/C:/javafx-11.0.2/lib/derby.jar!/org/apache/derby/modules.properties
Sun May 10 16:41:00 CEST 2020 Thread[JavaFX Application Thread,5,main] Ignored duplicate property derby.env.jdk.cryptographyJ2 in jar:file:/C:/javafx-11.0.2/lib/derby.jar!/org/apache/derby/modules.properties
Sun May 10 16:41:00 CEST 2020 Thread[JavaFX Application Thread,5,main] Ignored duplicate property derby.module.timerJ1 in jar:file:/C:/javafx-11.0.2/lib/derby.jar!/org/apache/derby/modules.properties
Sun May 10 16:41:00 CEST 2020 Thread[JavaFX Application Thread,5,main] Ignored duplicate property derby.module.rawStore.transaction in jar:file:/C:/javafx-11.0.2/lib/derby.jar!/org/apache/derby/modules.properties
Sun May 10 16:41:00 CEST 2020 Thread[JavaFX Application Thread,5,main] Ignored duplicate property derby.module.cryptographyJ2 in jar:file:/C:/javafx-11.0.2/lib/derby.jar!/org/apache/derby/modules.properties
Sun May 10 16:41:00 CEST 2020 Thread[JavaFX Application Thread,5,main] Ignored duplicate property derby.env.jdk.resourceAdapterJ2 in jar:file:/C:/javafx-11.0.2/lib/derby.jar!/org/apache/derby/modules.properties
Sun May 10 16:41:00 CEST 2020 Thread[JavaFX Application Thread,5,main] Ignored duplicate property derby.module.access.sort in jar:file:/C:/javafx-11.0.2/lib/derby.jar!/org/apache/derby/modules.properties
Sun May 10 16:41:00 CEST 2020 Thread[JavaFX Application Thread,5,main] Ignored duplicate property derby.env.classes.JNDIAuthentication in jar:file:/C:/javafx-11.0.2/lib/derby.jar!/org/apache/derby/modules.properties
Sun May 10 16:41:00 CEST 2020 Thread[JavaFX Application Thread,5,main] Ignored duplicate property derby.module.basicAuthentication in jar:file:/C:/javafx-11.0.2/lib/derby.jar!/org/apache/derby/modules.properties
Sun May 10 16:41:00 CEST 2020 Thread[JavaFX Application Thread,5,main] Ignored duplicate property derby.module.tcf in jar:file:/C:/javafx-11.0.2/lib/derby.jar!/org/apache/derby/modules.properties
Sun May 10 16:41:00 CEST 2020 Thread[JavaFX Application Thread,5,main] Ignored duplicate property derby.module.database in jar:file:/C:/javafx-11.0.2/lib/derby.jar!/org/apache/derby/modules.properties
Sun May 10 16:41:00 CEST 2020 Thread[JavaFX Application Thread,5,main] Ignored duplicate property derby.module.ef in jar:file:/C:/javafx-11.0.2/lib/derby.jar!/org/apache/derby/modules.properties
Sun May 10 16:41:00 CEST 2020 Thread[JavaFX Application Thread,5,main] Ignored duplicate property derby.module.streams in jar:file:/C:/javafx-11.0.2/lib/derby.jar!/org/apache/derby/modules.properties
Sun May 10 16:41:00 CEST 2020 Thread[JavaFX Application Thread,5,main] Ignored duplicate property derby.module.lcf in jar:file:/C:/javafx-11.0.2/lib/derby.jar!/org/apache/derby/modules.properties
Sun May 10 16:41:00 CEST 2020 Thread[JavaFX Application Thread,5,main] Ignored duplicate property derby.module.rawStore.log.readonly in jar:file:/C:/javafx-11.0.2/lib/derby.jar!/org/apache/derby/modules.properties
Sun May 10 16:41:00 CEST 2020 Thread[JavaFX Application Thread,5,main] Ignored duplicate property derby.env.jdk.lockManagerJ6 in jar:file:/C:/javafx-11.0.2/lib/derby.jar!/org/apache/derby/modules.properties
Sun May 10 16:41:00 CEST 2020 Thread[JavaFX Application Thread,5,main] Ignored duplicate property derby.module.dataDictionary in jar:file:/C:/javafx-11.0.2/lib/derby.jar!/org/apache/derby/modules.properties
Sun May 10 16:41:00 CEST 2020 Thread[JavaFX Application Thread,5,main] Ignored duplicate property derby.env.classes.resourceAdapterJ2 in jar:file:/C:/javafx-11.0.2/lib/derby.jar!/org/apache/derby/modules.properties
Sun May 10 16:41:00 CEST 2020 Thread[JavaFX Application Thread,5,main] Ignored duplicate property derby.env.classes.rawStore.data.genericJ4 in jar:file:/C:/javafx-11.0.2/lib/derby.jar!/org/apache/derby/modules.properties
Sun May 10 16:41:00 CEST 2020 Thread[JavaFX Application Thread,5,main] Ignored duplicate property derby.module.XPLAINFactory in jar:file:/C:/javafx-11.0.2/lib/derby.jar!/org/apache/derby/modules.properties
Sun May 10 16:41:00 CEST 2020 Thread[JavaFX Application Thread,5,main] Ignored duplicate property derby.module.resourceAdapterJ2 in jar:file:/C:/javafx-11.0.2/lib/derby.jar!/org/apache/derby/modules.properties
Sun May 10 16:41:00 CEST 2020 Thread[JavaFX Application Thread,5,main] Ignored duplicate property derby.module.rawStore.log in jar:file:/C:/javafx-11.0.2/lib/derby.jar!/org/apache/derby/modules.properties
Sun May 10 16:41:00 CEST 2020 Thread[JavaFX Application Thread,5,main] Ignored duplicate property derby.env.classes.cryptographyJ2 in jar:file:/C:/javafx-11.0.2/lib/derby.jar!/org/apache/derby/modules.properties
Sun May 10 16:41:00 CEST 2020 Thread[JavaFX Application Thread,5,main] Ignored duplicate property derby.module.resultSetStatisticsFactory in jar:file:/C:/javafx-11.0.2/lib/derby.jar!/org/apache/derby/modules.properties
Sun May 10 16:41:00 CEST 2020 Thread[JavaFX Application Thread,5,main] Ignored duplicate property derby.module.access.heap in jar:file:/C:/javafx-11.0.2/lib/derby.jar!/org/apache/derby/modules.properties
Sun May 10 16:41:00 CEST 2020 Thread[JavaFX Application Thread,5,main] Ignored duplicate property derby.module.dvfJ2 in jar:file:/C:/javafx-11.0.2/lib/derby.jar!/org/apache/derby/modules.properties
Sun May 10 16:41:00 CEST 2020 Thread[JavaFX Application Thread,5,main] Ignored duplicate property derby.module.optimizer in jar:file:/C:/javafx-11.0.2/lib/derby.jar!/org/apache/derby/modules.properties
Sun May 10 16:41:00 CEST 2020 Thread[JavaFX Application Thread,5,main] Ignored duplicate property derby.module.jdbcJ8 in jar:file:/C:/javafx-11.0.2/lib/derby.jar!/org/apache/derby/modules.properties
Sun May 10 16:41:00 CEST 2020 Thread[JavaFX Application Thread,5,main] Ignored duplicate property derby.env.jdk.cacheManagerJ6 in jar:file:/C:/javafx-11.0.2/lib/derby.jar!/org/apache/derby/modules.properties
Sun May 10 16:41:00 CEST 2020 Thread[JavaFX Application Thread,5,main] Ignored duplicate property derby.module.mgmt.jmx in jar:file:/C:/javafx-11.0.2/lib/derby.jar!/org/apache/derby/modules.properties
Sun May 10 16:41:00 CEST 2020 Thread[JavaFX Application Thread,5,main] Ignored duplicate property derby.module.lockManagerJ6 in jar:file:/C:/javafx-11.0.2/lib/derby.jar!/org/apache/derby/modules.properties
Sun May 10 16:41:00 CEST 2020 Thread[JavaFX Application Thread,5,main] Ignored duplicate property derby.module.replication.master in jar:file:/C:/javafx-11.0.2/lib/derby.jar!/org/apache/derby/modules.properties
Sun May 10 16:41:00 CEST 2020 Thread[JavaFX Application Thread,5,main] Ignored duplicate property derby.module.NoneAuthentication in jar:file:/C:/javafx-11.0.2/lib/derby.jar!/org/apache/derby/modules.properties
Sun May 10 16:41:00 CEST 2020 Thread[JavaFX Application Thread,5,main] Ignored duplicate property derby.module.rawStore.data.genericJ4 in jar:file:/C:/javafx-11.0.2/lib/derby.jar!/org/apache/derby/modules.properties
Sun May 10 16:41:00 CEST 2020 Thread[JavaFX Application Thread,5,main] Ignored duplicate property derby.env.jdk.jdbcJ8 in jar:file:/C:/javafx-11.0.2/lib/derby.jar!/org/apache/derby/modules.properties
Sun May 10 16:41:00 CEST 2020 Thread[JavaFX Application Thread,5,main] Ignored duplicate property derby.module.rawStore.data.genericJ1 in jar:file:/C:/javafx-11.0.2/lib/derby.jar!/org/apache/derby/modules.properties
Sun May 10 16:41:00 CEST 2020 Thread[JavaFX Application Thread,5,main] Ignored duplicate property derby.module.cacheManagerJ6 in jar:file:/C:/javafx-11.0.2/lib/derby.jar!/org/apache/derby/modules.properties
Sun May 10 16:41:00 CEST 2020 Thread[JavaFX Application Thread,5,main] Ignored duplicate property derby.env.classes.dvfJ2 in jar:file:/C:/javafx-11.0.2/lib/derby.jar!/org/apache/derby/modules.properties
Sun May 10 16:41:00 CEST 2020 Thread[JavaFX Application Thread,5,main] Ignored duplicate property derby.env.jdk.dvfJ2 in jar:file:/C:/javafx-11.0.2/lib/derby.jar!/org/apache/derby/modules.properties
Sun May 10 16:41:00 CEST 2020 Thread[JavaFX Application Thread,5,main] Ignored duplicate property derby.module.replication.slave in jar:file:/C:/javafx-11.0.2/lib/derby.jar!/org/apache/derby/modules.properties
Sun May 10 16:41:00 CEST 2020 Thread[JavaFX Application Thread,5,main] Ignored duplicate property derby.module.javaCompiler in jar:file:/C:/javafx-11.0.2/lib/derby.jar!/org/apache/derby/modules.properties
Sun May 10 16:41:00 CEST 2020 Thread[JavaFX Application Thread,5,main] Ignored duplicate property derby.module.specificAuthentication in jar:file:/C:/javafx-11.0.2/lib/derby.jar!/org/apache/derby/modules.properties
Sun May 10 16:41:00 CEST 2020 Thread[JavaFX Application Thread,5,main] Ignored duplicate property derby.module.mgmt.null in jar:file:/C:/javafx-11.0.2/lib/derby.jar!/org/apache/derby/modules.properties
Sun May 10 16:41:00 CEST 2020 Thread[JavaFX Application Thread,5,main] Ignored duplicate property derby.module.rawStore in jar:file:/C:/javafx-11.0.2/lib/derby.jar!/org/apache/derby/modules.properties
Sun May 10 16:41:00 CEST 2020 Thread[JavaFX Application Thread,5,main] Ignored duplicate property derby.module.JNDIAuthentication in jar:file:/C:/javafx-11.0.2/lib/derby.jar!/org/apache/derby/modules.properties
Sun May 10 16:41:00 CEST 2020 Thread[JavaFX Application Thread,5,main] Ignored duplicate property derby.module.access in jar:file:/C:/javafx-11.0.2/lib/derby.jar!/org/apache/derby/modules.properties
Sun May 10 16:41:00 CEST 2020 Thread[JavaFX Application Thread,5,main] Ignored duplicate property derby.env.jdk.rawStore.data.genericJ1 in jar:file:/C:/javafx-11.0.2/lib/derby.jar!/org/apache/derby/modules.properties
Sun May 10 16:41:00 CEST 2020 Thread[JavaFX Application Thread,5,main] Ignored duplicate property derby.env.jdk.mgmt.jmx in jar:file:/C:/javafx-11.0.2/lib/derby.jar!/org/apache/derby/modules.properties
Sun May 10 16:41:00 CEST 2020 Thread[JavaFX Application Thread,5,main] Ignored duplicate property derby.env.jdk.rawStore.data.genericJ4 in jar:file:/C:/javafx-11.0.2/lib/derby.jar!/org/apache/derby/modules.properties
----------------------------------------------------------------
Sun May 10 16:41:00 CEST 2020:
Booting Derby version The Apache Software Foundation - Apache Derby - 10.15.2.0 - (1873585): instance a816c00e-0171-ff08-362d-00000ef7c3f0 
on database directory C:\Users\akam_\OneDrive\Documents\NetBeansProjects\JavaFX-Netbeans\Library Assistant\Database with class loader jdk.internal.loader.ClassLoaders$AppClassLoader@41906a77 
Loaded from file:/C:/Users/akam_/OneDrive/Documents/NetBeansProjects/JavaFX-Netbeans/Library%20Assistant/bin/derby.jar
java.vendor=Oracle Corporation
java.runtime.version=10.0.2+13
user.dir=C:\Users\akam_\OneDrive\Documents\NetBeansProjects\JavaFX-Netbeans\Library Assistant
>>>>>>> 6ea28abae198abf03885b8f262dc184b23bae0cc
os.name=Windows 10
os.arch=amd64
os.version=10.0
derby.system.home=null
<<<<<<< HEAD
C005 : [0] 
=======
Database Class Loader started - derby.database.classpath=''
>>>>>>> 6ea28abae198abf03885b8f262dc184b23bae0cc
